<?xml version="1.0" encoding="UTF-8"?>
<!-- Generated by org.testng.reporters.JUnitReportReporter -->
<testsuite hostname="DESKTOP-I6KBGP6" failures="0" tests="1" name="com.practice.project.AutomateWebAndRunTestNG" time="27.981" errors="0" timestamp="2022-03-11T11:22:30 IST" skipped="0">
  <testcase classname="com.practice.project.AutomateWebAndRunTestNG" name="Amazon" time="27.981"/>
  <system-out/>
</testsuite> <!-- com.practice.project.AutomateWebAndRunTestNG -->
